Configuring pwstore-fast-2.4.4...
Building pwstore-fast-2.4.4...
Preprocessing library pwstore-fast-2.4.4...
[1 of 1] Compiling Crypto.PasswordStore ( Crypto/PasswordStore.hs, .stack-work/dist/x86_64-linux/Cabal-1.24.2.0/build/Crypto/PasswordStore.o )

Crypto/PasswordStore.hs:124:1: warning: [-Wunused-imports]
    The import of ‘Data.Char’ is redundant
      except perhaps to import instances from ‘Data.Char’
    To import instances alone, use: import Data.Char()

Crypto/PasswordStore.hs:125:1: warning: [-Wunused-imports]
    The import of ‘Data.List’ is redundant
      except perhaps to import instances from ‘Data.List’
    To import instances alone, use: import Data.List()

Crypto/PasswordStore.hs:126:1: warning: [-Wunused-imports]
    The import of ‘Data.Function’ is redundant
      except perhaps to import instances from ‘Data.Function’
    To import instances alone, use: import Data.Function()

Crypto/PasswordStore.hs:127:1: warning: [-Wunused-imports]
    The qualified import of ‘Data.Foldable’ is redundant
      except perhaps to import instances from ‘Data.Foldable’
    To import instances alone, use: import Data.Foldable()

Crypto/PasswordStore.hs:171:30: warning: [-Wtype-defaults]
    • Defaulting the following constraints to type ‘Integer’
        (Integral b0)
          arising from a use of ‘^’ at Crypto/PasswordStore.hs:171:30-33
        (Num b0)
          arising from the literal ‘32’ at Crypto/PasswordStore.hs:171:32-33
    • In the first argument of ‘(-)’, namely ‘2 ^ 32’
      In the first argument of ‘(*)’, namely ‘(2 ^ 32 - 1)’
      In the second argument of ‘(>)’, namely ‘(2 ^ 32 - 1) * hLen’

Crypto/PasswordStore.hs:304:1: warning: [-Worphans]
    Orphan instance: instance Byteable [Char]
    To avoid this
        move the instance declaration to the module of the class or of the type, or
        wrap the type with a newtype and declare the instance on the new type.

Crypto/PasswordStore.hs:427:1: warning: [-Wunused-top-binds]
    Defined but not used: ‘toStrict’

Crypto/PasswordStore.hs:430:1: warning: [-Wunused-top-binds]
    Defined but not used: ‘fromStrict’
Installing library in
/media/home/darclaw/projects/math/math-repository/rmathbk/.stack-work/install/x86_64-linux/ghc-8.0.2/8.0.2/lib/x86_64-linux-ghc-8.0.2/pwstore-fast-2.4.4-81ZRFHdt8d5EKkUUlxLu7I
Registering pwstore-fast-2.4.4...
