This is pdfTeX, Version 3.14159265-2.6-1.40.18 (TeX Live 2017) (preloaded format=pdflatex 2018.8.22)  12 OCT 2018 21:44
entering extended mode
 restricted \write18 enabled.
 %&-line parsing enabled.
**./fish.tex
(./fish.tex
LaTeX2e <2017-04-15>
Babel <3.9r> and hyphenation patterns for 3 language(s) loaded.
(/usr/share/texlive/texmf-dist/tex/latex/base/article.cls
Document Class: article 2014/09/29 v1.4h Standard LaTeX document class
(/usr/share/texlive/texmf-dist/tex/latex/base/size10.clo
File: size10.clo 2014/09/29 v1.4h Standard LaTeX file (size option)
)
\c@part=\count79
\c@section=\count80
\c@subsection=\count81
\c@subsubsection=\count82
\c@paragraph=\count83
\c@subparagraph=\count84
\c@figure=\count85
\c@table=\count86
\abovecaptionskip=\skip41
\belowcaptionskip=\skip42
\bibindent=\dimen102
)
(/usr/share/texlive/texmf-dist/tex/latex/amsmath/amstext.sty
Package: amstext 2000/06/29 v2.01 AMS text

(/usr/share/texlive/texmf-dist/tex/latex/amsmath/amsgen.sty
File: amsgen.sty 1999/11/30 v2.0 generic functions
\@emptytoks=\toks14
\ex@=\dimen103
))
(/usr/share/texlive/texmf-dist/tex/latex/amsfonts/amssymb.sty
Package: amssymb 2013/01/14 v3.01 AMS font symbols

(/usr/share/texlive/texmf-dist/tex/latex/amsfonts/amsfonts.sty
Package: amsfonts 2013/01/14 v3.01 Basic AMSFonts support
\symAMSa=\mathgroup4
\symAMSb=\mathgroup5
LaTeX Font Info:    Overwriting math alphabet `\mathfrak' in version `bold'
(Font)                  U/euf/m/n --> U/euf/b/n on input line 106.
))
(/usr/share/texlive/texmf-dist/tex/latex/stmaryrd/stmaryrd.sty
Package: stmaryrd 1994/03/03 St Mary's Road symbol package
\symstmry=\mathgroup6
LaTeX Font Info:    Overwriting symbol font `stmry' in version `bold'
(Font)                  U/stmry/m/n --> U/stmry/b/n on input line 89.
)
(/usr/share/texlive/texmf-dist/tex/latex/polytable/polytable.sty
Package: polytable 2013/07/18 v0.8.5 `polytable' package (Andres Loeh)

(/usr/share/texlive/texmf-dist/tex/latex/lazylist/lazylist.sty)
(/usr/share/texlive/texmf-dist/tex/latex/tools/array.sty
Package: array 2014/10/28 v2.4c Tabular extension package (FMi)
\col@sep=\dimen104
\extrarowheight=\dimen105
\NC@list=\toks15
\extratabsurround=\skip43
\backup@length=\skip44
)
\PT@colwidth=\dimen106
\PT@cols=\count87
\PT@table=\count88
\PT@toks=\toks16
\PT@in=\read1
\PT@out=\write3
)
\mathindent=\dimen107
\blanklineskip=\skip45

(/usr/share/texlive/texmf-dist/tex/latex/tools/calc.sty
Package: calc 2014/10/28 v4.3 Infix arithmetic (KKT,FJ)
\calc@Acount=\count89
\calc@Bcount=\count90
\calc@Adimen=\dimen108
\calc@Bdimen=\dimen109
\calc@Askip=\skip46
\calc@Bskip=\skip47
LaTeX Info: Redefining \setlength on input line 80.
LaTeX Info: Redefining \addtolength on input line 81.
\calc@Ccount=\count91
\calc@Cskip=\skip48
)
(/usr/share/texlive/texmf-dist/tex/latex/amscls/amsthm.sty
Package: amsthm 2015/03/04 v2.20.2
\thm@style=\toks17
\thm@bodyfont=\toks18
\thm@headfont=\toks19
\thm@notefont=\toks20
\thm@headpunct=\toks21
\thm@preskip=\skip49
\thm@postskip=\skip50
\thm@headsep=\skip51
\dth@everypar=\toks22
)
(/usr/share/texlive/texmf-dist/tex/latex/amsmath/amsmath.sty
Package: amsmath 2016/06/28 v2.15d AMS math features
\@mathmargin=\skip52

For additional information on amsmath, use the `?' option.
(/usr/share/texlive/texmf-dist/tex/latex/amsmath/amsbsy.sty
Package: amsbsy 1999/11/29 v1.2d Bold Symbols
\pmbraise@=\dimen110
)
(/usr/share/texlive/texmf-dist/tex/latex/amsmath/amsopn.sty
Package: amsopn 2016/03/08 v2.02 operator names
)
\inf@bad=\count92
LaTeX Info: Redefining \frac on input line 199.
\uproot@=\count93
\leftroot@=\count94
LaTeX Info: Redefining \overline on input line 297.
\classnum@=\count95
\DOTSCASE@=\count96
LaTeX Info: Redefining \ldots on input line 394.
LaTeX Info: Redefining \dots on input line 397.
LaTeX Info: Redefining \cdots on input line 518.
\Mathstrutbox@=\box26
\strutbox@=\box27
\big@size=\dimen111
LaTeX Font Info:    Redeclaring font encoding OML on input line 634.
LaTeX Font Info:    Redeclaring font encoding OMS on input line 635.
\macc@depth=\count97
\c@MaxMatrixCols=\count98
\dotsspace@=\muskip10
\c@parentequation=\count99
\dspbrk@lvl=\count100
\tag@help=\toks23
\row@=\count101
\column@=\count102
\maxfields@=\count103
\andhelp@=\toks24
\eqnshift@=\dimen112
\alignsep@=\dimen113
\tagshift@=\dimen114
\tagwidth@=\dimen115
\totwidth@=\dimen116
\lineht@=\dimen117
\@envbody=\toks25
\multlinegap=\skip53
\multlinetaggap=\skip54
\mathdisplay@stack=\toks26
LaTeX Info: Redefining \[ on input line 2739.
LaTeX Info: Redefining \] on input line 2740.
)
(/usr/share/texlive/texmf-dist/tex/latex/listings/listings.sty
(/usr/share/texlive/texmf-dist/tex/latex/graphics/keyval.sty
Package: keyval 2014/10/28 v1.15 key=value parser (DPC)
\KV@toks@=\toks27
)
\lst@mode=\count104
\lst@gtempboxa=\box28
\lst@token=\toks28
\lst@length=\count105
\lst@currlwidth=\dimen118
\lst@column=\count106
\lst@pos=\count107
\lst@lostspace=\dimen119
\lst@width=\dimen120
\lst@newlines=\count108
\lst@lineno=\count109
\lst@maxwidth=\dimen121

(/usr/share/texlive/texmf-dist/tex/latex/listings/lstmisc.sty
File: lstmisc.sty 2015/06/04 1.6 (Carsten Heinz)
\c@lstnumber=\count110
\lst@skipnumbers=\count111
\lst@framebox=\box29
)
(/usr/share/texlive/texmf-dist/tex/latex/listings/listings.cfg
File: listings.cfg 2015/06/04 1.6 listings configuration
))
Package: listings 2015/06/04 1.6 (Carsten Heinz)
 (./fish.aux)
\openout1 = `fish.aux'.

LaTeX Font Info:    Checking defaults for OML/cmm/m/it on input line 275.
LaTeX Font Info:    ... okay on input line 275.
LaTeX Font Info:    Checking defaults for T1/cmr/m/n on input line 275.
LaTeX Font Info:    ... okay on input line 275.
LaTeX Font Info:    Checking defaults for OT1/cmr/m/n on input line 275.
LaTeX Font Info:    ... okay on input line 275.
LaTeX Font Info:    Checking defaults for OMS/cmsy/m/n on input line 275.
LaTeX Font Info:    ... okay on input line 275.
LaTeX Font Info:    Checking defaults for OMX/cmex/m/n on input line 275.
LaTeX Font Info:    ... okay on input line 275.
LaTeX Font Info:    Checking defaults for U/cmr/m/n on input line 275.
LaTeX Font Info:    ... okay on input line 275.
\c@lstlisting=\count112
\openout3 = `fish.ptb'.

LaTeX Font Info:    Try loading font information for U+msa on input line 308.

(/usr/share/texlive/texmf-dist/tex/latex/amsfonts/umsa.fd
File: umsa.fd 2013/01/14 v3.01 AMS symbols A
)
LaTeX Font Info:    Try loading font information for U+msb on input line 308.

(/usr/share/texlive/texmf-dist/tex/latex/amsfonts/umsb.fd
File: umsb.fd 2013/01/14 v3.01 AMS symbols B
)
LaTeX Font Info:    Try loading font information for U+stmry on input line 308.


(/usr/share/texlive/texmf-dist/tex/latex/stmaryrd/Ustmry.fd)
\openout3 = `fish.ptb'.


Overfull \hbox (70.4433pt too wide) in paragraph at lines 314--323
 [][] 
 []


Overfull \hbox (70.4433pt too wide) in paragraph at lines 314--323
 [][][][] 
 []

\openout3 = `fish.ptb'.


Overfull \hbox (56.4595pt too wide) in paragraph at lines 333--366
 [][] 
 []


Overfull \hbox (56.4595pt too wide) in paragraph at lines 333--366
 [][] 
 []


Overfull \hbox (56.4595pt too wide) in paragraph at lines 333--366
 [][][][] 
 []


Overfull \hbox (56.4595pt too wide) in paragraph at lines 333--366
 [][][][] 
 []


Overfull \hbox (56.4595pt too wide) in paragraph at lines 333--366
 [][][][] 
 []


Overfull \hbox (56.4595pt too wide) in paragraph at lines 333--366
 [][] 
 []


Overfull \hbox (56.4595pt too wide) in paragraph at lines 333--366
 [][][][] 
 []


Overfull \hbox (56.4595pt too wide) in paragraph at lines 333--366
 [][] 
 []


Overfull \hbox (56.4595pt too wide) in paragraph at lines 333--366
 [][][][] 
 []


Overfull \hbox (56.4595pt too wide) in paragraph at lines 333--366
 [][] 
 []


Overfull \hbox (56.4595pt too wide) in paragraph at lines 333--366
 [][][][] 
 []


Overfull \hbox (91.12227pt too wide) in paragraph at lines 369--373
[]\OT1/cmr/m/n/10 which gives $[]$ to be $[ 1\OML/cmm/m/it/10 ; \OT1/cmr/m/n/10
 8\OML/cmm/m/it/10 ; []; []; []; []; []; [] \OT1/cmr/m/n/10 ]$, $[]$ = $[ 1\OML
/cmm/m/it/10 ; []; \OT1/cmr/m/n/10 6\OML/cmm/m/it/10 ; []; []; []; []; []; []; 
[]; [] \OT1/cmr/m/n/10 ]$,
 []


Overfull \hbox (89.95544pt too wide) in paragraph at lines 369--373
[]$ \OT1/cmr/m/n/10 = $[ 1\OML/cmm/m/it/10 ; \OT1/cmr/m/n/10 4\OML/cmm/m/it/10 
; []; []; []; []; []; \OT1/cmr/m/n/10 7\OML/cmm/m/it/10 ; []; []; []; []; []; [
] \OT1/cmr/m/n/10 ]$, $[]$ = $[ 1\OML/cmm/m/it/10 ; \OT1/cmr/m/n/10 3\OML/cmm/m
/it/10 ; \OT1/cmr/m/n/10 9\OML/cmm/m/it/10 ; \OT1/cmr/m/n/10 5\OML/cmm/m/it/10 
; []; []; \OT1/cmr/m/n/10 7\OML/cmm/m/it/10 ; []; []; []; []; [] \OT1/cmr/m/n/1
0 ]$ 
 []

[1

{/usr/share/texlive/texmf-dist/fonts/map/pdftex/updmap/pdftex.map}]
(./fish.aux) ) 
Here is how much of TeX's memory you used:
 3010 strings out of 494941
 38708 string characters out of 6180918
 99739 words of memory out of 5000000
 6306 multiletter control sequences out of 15000+600000
 7922 words of font info for 31 fonts, out of 8000000 for 9000
 14 hyphenation exceptions out of 8191
 26i,4n,32p,481b,234s stack positions out of 5000i,500n,10000p,200000b,80000s
</usr/share/texlive/texmf-dist/fonts/type1/public/amsfonts/cm/cmb
x10.pfb></usr/share/texlive/texmf-dist/fonts/type1/public/amsfonts/cm/cmmi10.pf
b></usr/share/texlive/texmf-dist/fonts/type1/public/amsfonts/cm/cmmi7.pfb></usr
/share/texlive/texmf-dist/fonts/type1/public/amsfonts/cm/cmr10.pfb></usr/share/
texlive/texmf-dist/fonts/type1/public/amsfonts/cm/cmr7.pfb></usr/share/texlive/
texmf-dist/fonts/type1/public/amsfonts/cm/cmsy10.pfb></usr/share/texlive/texmf-
dist/fonts/type1/public/amsfonts/cm/cmsy7.pfb></usr/share/texlive/texmf-dist/fo
nts/type1/public/amsfonts/cm/cmti10.pfb></usr/share/texlive/texmf-dist/fonts/ty
pe1/public/amsfonts/symbols/msam10.pfb>
Output written on fish.pdf (1 page, 91520 bytes).
PDF statistics:
 44 PDF objects out of 1000 (max. 8388607)
 31 compressed objects within 1 object stream
 0 named destinations out of 1000 (max. 500000)
 1 words of extra memory for PDF output out of 10000 (max. 10000000)

