cabal: Entering directory '/tmp/cabal-tmp-3874/utility-ht-0.0.12'
Configuring utility-ht-0.0.12...
Building utility-ht-0.0.12...
Preprocessing library utility-ht-0.0.12...
[ 1 of 31] Compiling Text.Show.HT     ( src/Text/Show/HT.hs, dist/dist-sandbox-478c2355/build/Text/Show/HT.o )
[ 2 of 31] Compiling Text.Read.HT     ( src/Text/Read/HT.hs, dist/dist-sandbox-478c2355/build/Text/Read/HT.o )
[ 3 of 31] Compiling Data.Strictness.HT ( src/Data/Strictness/HT.hs, dist/dist-sandbox-478c2355/build/Data/Strictness/HT.o )
[ 4 of 31] Compiling Control.Monad.HT ( src/Control/Monad/HT.hs, dist/dist-sandbox-478c2355/build/Control/Monad/HT.o )
[ 5 of 31] Compiling Data.Tuple.Strict ( src/Data/Tuple/Strict.hs, dist/dist-sandbox-478c2355/build/Data/Tuple/Strict.o )
[ 6 of 31] Compiling Data.Tuple.Lazy  ( src/Data/Tuple/Lazy.hs, dist/dist-sandbox-478c2355/build/Data/Tuple/Lazy.o )
[ 7 of 31] Compiling Data.Monoid.HT   ( src/Data/Monoid/HT.hs, dist/dist-sandbox-478c2355/build/Data/Monoid/HT.o )
[ 8 of 31] Compiling Data.Maybe.HT    ( src/Data/Maybe/HT.hs, dist/dist-sandbox-478c2355/build/Data/Maybe/HT.o )
[ 9 of 31] Compiling Data.Tuple.HT    ( src/Data/Tuple/HT.hs, dist/dist-sandbox-478c2355/build/Data/Tuple/HT.o )
[10 of 31] Compiling Data.List.Reverse.StrictSpine ( src/Data/List/Reverse/StrictSpine.hs, dist/dist-sandbox-478c2355/build/Data/List/Reverse/StrictSpine.o )
[11 of 31] Compiling Data.String.HT   ( src/Data/String/HT.hs, dist/dist-sandbox-478c2355/build/Data/String/HT.o )
[12 of 31] Compiling Control.Applicative.HT ( src/Control/Applicative/HT.hs, dist/dist-sandbox-478c2355/build/Control/Applicative/HT.o )

src/Control/Applicative/HT.hs:5:1: Warning:
    The import of ‘<*>, Applicative, <$>’
    from module ‘Control.Applicative’ is redundant
[13 of 31] Compiling Control.Functor.HT ( src/Control/Functor/HT.hs, dist/dist-sandbox-478c2355/build/Control/Functor/HT.o )
[14 of 31] Compiling Data.List.Reverse.StrictElement ( src/Data/List/Reverse/StrictElement.hs, dist/dist-sandbox-478c2355/build/Data/List/Reverse/StrictElement.o )
[15 of 31] Compiling Data.Ix.Enum     ( src/Data/Ix/Enum.hs, dist/dist-sandbox-478c2355/build/Data/Ix/Enum.o )
[16 of 31] Compiling Data.Function.HT.Private ( src/Data/Function/HT/Private.hs, dist/dist-sandbox-478c2355/build/Data/Function/HT/Private.o )
[17 of 31] Compiling Data.Function.HT ( src/Data/Function/HT.hs, dist/dist-sandbox-478c2355/build/Data/Function/HT.o )
[18 of 31] Compiling Data.List.Key.Private ( src/Data/List/Key/Private.hs, dist/dist-sandbox-478c2355/build/Data/List/Key/Private.o )
[19 of 31] Compiling Data.List.Key    ( src/Data/List/Key.hs, dist/dist-sandbox-478c2355/build/Data/List/Key.o )
[20 of 31] Compiling Data.Ord.HT      ( src/Data/Ord/HT.hs, dist/dist-sandbox-478c2355/build/Data/Ord/HT.o )
[21 of 31] Compiling Data.Eq.HT       ( src/Data/Eq/HT.hs, dist/dist-sandbox-478c2355/build/Data/Eq/HT.o )
[22 of 31] Compiling Data.Bool.HT.Private ( src/Data/Bool/HT/Private.hs, dist/dist-sandbox-478c2355/build/Data/Bool/HT/Private.o )
[23 of 31] Compiling Data.Bool.HT     ( src/Data/Bool/HT.hs, dist/dist-sandbox-478c2355/build/Data/Bool/HT.o )
[24 of 31] Compiling Data.List.Match.Private ( src/Data/List/Match/Private.hs, dist/dist-sandbox-478c2355/build/Data/List/Match/Private.o )
[25 of 31] Compiling Data.List.HT.Private ( src/Data/List/HT/Private.hs, dist/dist-sandbox-478c2355/build/Data/List/HT/Private.o )

src/Data/List/HT/Private.hs:8:1: Warning:
    The import of ‘Control.Applicative’ is redundant
      except perhaps to import instances from ‘Control.Applicative’
    To import instances alone, use: import Control.Applicative()
[26 of 31] Compiling Data.List.HT     ( src/Data/List/HT.hs, dist/dist-sandbox-478c2355/build/Data/List/HT.o )
[27 of 31] Compiling Data.Record.HT.Private ( src/Data/Record/HT/Private.hs, dist/dist-sandbox-478c2355/build/Data/Record/HT/Private.o )

src/Data/Record/HT/Private.hs:3:1: Warning:
    The import of ‘Data.Monoid’ is redundant
      except perhaps to import instances from ‘Data.Monoid’
    To import instances alone, use: import Data.Monoid()
[28 of 31] Compiling Data.Record.HT   ( src/Data/Record/HT.hs, dist/dist-sandbox-478c2355/build/Data/Record/HT.o )
[29 of 31] Compiling Data.Tuple.Example ( src/Data/Tuple/Example.hs, dist/dist-sandbox-478c2355/build/Data/Tuple/Example.o )
[30 of 31] Compiling Data.List.Match  ( src/Data/List/Match.hs, dist/dist-sandbox-478c2355/build/Data/List/Match.o )
[31 of 31] Compiling Data.Bits.HT     ( src/Data/Bits/HT.hs, dist/dist-sandbox-478c2355/build/Data/Bits/HT.o )
Creating package registration file:
/tmp/pkgConf-utility-ht-0.011015139291801979802.12
Installing library in
/home/darclaw/projects/math/rth-derivitave/.cabal-sandbox/lib/x86_64-linux-ghc-7.10.3/utility-ht-0.0.12-FNbQXO5d96dEH1zK2XfF6c
Registering utility-ht-0.0.12...
cabal: Leaving directory '/tmp/cabal-tmp-3874/utility-ht-0.0.12'
